<?xml version="1.0" encoding="UTF-8"?>
<!-- Generated by org.testng.reporters.JUnitXMLReporter -->
<testsuite hostname="sunil2545" ignored="2" name="Test Case 1" tests="2" failures="0" timestamp="01 Dec 2017 02:57:15 GMT" time="48.285" errors="0">
  <testcase name="doInvalidLogin" time="8.497" classname="com.AutoMaven.signInPage.TC1001_VerifyLoginWithInvalidCredentials"/>
  <testcase name="verifySendingMessageToCustomerCareWithoutAttachment" time="39.747" classname="com.AutoMaven.homePage.TC1002_ContactCustomerCare"/>
  <testcase name="@AfterSuite end" time="0.0" classname="com.AutoMaven.Base.TestBase">
    <ignored/>
  </testcase> <!-- @AfterSuite end -->
  <testcase name="@BeforeSuite init" time="0.0" classname="com.AutoMaven.Base.TestBase">
    <ignored/>
  </testcase> <!-- @BeforeSuite init -->
</testsuite> <!-- Test Case 1 -->
